

Started GET "/" for 127.0.0.1 at 2015-03-24 03:47:13 +0800
  [1m[36mActiveRecord::SchemaMigration Load (111.0ms)[0m  [1mSELECT "schema_migrations".* FROM "schema_migrations"[0m
Processing by HomeController#index as HTML
Completed 401 Unauthorized in 75ms


Started GET "/users/sign_in" for 127.0.0.1 at 2015-03-24 03:47:15 +0800
Processing by Devise::SessionsController#new as HTML
  Rendered /Users/admin/.rbenv/versions/2.1.2/lib/ruby/gems/2.1.0/gems/devise-3.2.4/app/views/devise/shared/_links.erb (1.9ms)
  Rendered /Users/admin/.rbenv/versions/2.1.2/lib/ruby/gems/2.1.0/gems/devise-3.2.4/app/views/devise/sessions/new.html.erb within layouts/application (118.3ms)
Completed 200 OK in 5454ms (Views: 5373.3ms | ActiveRecord: 63.6ms)


Started GET "/assets/api/v1/friends.css?body=1" for 127.0.0.1 at 2015-03-24 03:47:20 +0800


Started GET "/assets/apps.css?body=1" for 127.0.0.1 at 2015-03-24 03:47:20 +0800


Started GET "/assets/api/v1/play_invitations.css?body=1" for 127.0.0.1 at 2015-03-24 03:47:20 +0800


Started GET "/assets/api/v1/play_networks.css?body=1" for 127.0.0.1 at 2015-03-24 03:47:20 +0800


Started GET "/assets/application.css?body=1" for 127.0.0.1 at 2015-03-24 03:47:20 +0800


Started GET "/assets/children.css?body=1" for 127.0.0.1 at 2015-03-24 03:47:20 +0800


Started GET "/assets/event_logs.css?body=1" for 127.0.0.1 at 2015-03-24 03:47:20 +0800


Started GET "/assets/families.css?body=1" for 127.0.0.1 at 2015-03-24 03:47:20 +0800


Started GET "/assets/infos.css?body=1" for 127.0.0.1 at 2015-03-24 03:47:20 +0800


Started GET "/assets/messages.css?body=1" for 127.0.0.1 at 2015-03-24 03:47:20 +0800


Started GET "/assets/home.css?body=1" for 127.0.0.1 at 2015-03-24 03:47:20 +0800


Started GET "/assets/neighbors_families.css?body=1" for 127.0.0.1 at 2015-03-24 03:47:20 +0800


Started GET "/assets/neighbors_invitations.css?body=1" for 127.0.0.1 at 2015-03-24 03:47:20 +0800


Started GET "/assets/play_invitations.css?body=1" for 127.0.0.1 at 2015-03-24 03:47:20 +0800


Started GET "/assets/parents.css?body=1" for 127.0.0.1 at 2015-03-24 03:47:20 +0800


Started GET "/assets/places.css?body=1" for 127.0.0.1 at 2015-03-24 03:47:20 +0800


Started GET "/assets/theming.css?body=1" for 127.0.0.1 at 2015-03-24 03:47:20 +0800


Started GET "/assets/bootstrap_and_overrides.css?body=1" for 127.0.0.1 at 2015-03-24 03:47:20 +0800


Started GET "/assets/neighbors_families_links.css?body=1" for 127.0.0.1 at 2015-03-24 03:47:20 +0800


Started GET "/assets/play_nodes.css?body=1" for 127.0.0.1 at 2015-03-24 03:47:20 +0800


Started GET "/assets/scaffolds.css?body=1" for 127.0.0.1 at 2015-03-24 03:47:20 +0800


Started GET "/assets/supervisors.css?body=1" for 127.0.0.1 at 2015-03-24 03:47:20 +0800


Started GET "/assets/playcelets.css?body=1" for 127.0.0.1 at 2015-03-24 03:47:20 +0800


Started GET "/assets/play_networks.css?body=1" for 127.0.0.1 at 2015-03-24 03:47:20 +0800


Started GET "/assets/twitter/bootstrap/bootstrap-tab.js?body=1" for 127.0.0.1 at 2015-03-24 03:47:20 +0800


Started GET "/assets/twitter/bootstrap/bootstrap-scrollspy.js?body=1" for 127.0.0.1 at 2015-03-24 03:47:20 +0800


Started GET "/assets/twitter/bootstrap/bootstrap-transition.js?body=1" for 127.0.0.1 at 2015-03-24 03:47:20 +0800


Started GET "/assets/twitter/bootstrap/bootstrap-tooltip.js?body=1" for 127.0.0.1 at 2015-03-24 03:47:20 +0800


Started GET "/assets/jquery.js?body=1" for 127.0.0.1 at 2015-03-24 03:47:20 +0800


Started GET "/assets/twitter/bootstrap/bootstrap-popover.js?body=1" for 127.0.0.1 at 2015-03-24 03:47:20 +0800


Started GET "/assets/jquery_ujs.js?body=1" for 127.0.0.1 at 2015-03-24 03:47:21 +0800


Started GET "/assets/twitter/bootstrap/bootstrap-alert.js?body=1" for 127.0.0.1 at 2015-03-24 03:47:21 +0800


Started GET "/assets/twitter/bootstrap/bootstrap-modal.js?body=1" for 127.0.0.1 at 2015-03-24 03:47:21 +0800


Started GET "/assets/twitter/bootstrap/bootstrap-collapse.js?body=1" for 127.0.0.1 at 2015-03-24 03:47:21 +0800


Started GET "/assets/twitter/bootstrap/bootstrap-dropdown.js?body=1" for 127.0.0.1 at 2015-03-24 03:47:21 +0800


Started GET "/assets/twitter/bootstrap.js?body=1" for 127.0.0.1 at 2015-03-24 03:47:21 +0800


Started GET "/assets/twitter/bootstrap/bootstrap-typeahead.js?body=1" for 127.0.0.1 at 2015-03-24 03:47:21 +0800


Started GET "/assets/bootstrap.js?body=1" for 127.0.0.1 at 2015-03-24 03:47:21 +0800


Started GET "/assets/turbolinks.js?body=1" for 127.0.0.1 at 2015-03-24 03:47:21 +0800


Started GET "/assets/api/v1/play_invitations.js?body=1" for 127.0.0.1 at 2015-03-24 03:47:21 +0800


Started GET "/assets/api/v1/play_networks.js?body=1" for 127.0.0.1 at 2015-03-24 03:47:21 +0800


Started GET "/assets/twitter/bootstrap/bootstrap-affix.js?body=1" for 127.0.0.1 at 2015-03-24 03:47:21 +0800


Started GET "/assets/twitter/bootstrap/bootstrap-carousel.js?body=1" for 127.0.0.1 at 2015-03-24 03:47:21 +0800


Started GET "/assets/twitter/bootstrap/bootstrap-button.js?body=1" for 127.0.0.1 at 2015-03-24 03:47:21 +0800


Started GET "/assets/api/v1/friends.js?body=1" for 127.0.0.1 at 2015-03-24 03:47:21 +0800


Started GET "/assets/event_logs.js?body=1" for 127.0.0.1 at 2015-03-24 03:47:21 +0800


Started GET "/assets/families.js?body=1" for 127.0.0.1 at 2015-03-24 03:47:21 +0800


Started GET "/assets/home.js?body=1" for 127.0.0.1 at 2015-03-24 03:47:21 +0800


Started GET "/assets/infos.js?body=1" for 127.0.0.1 at 2015-03-24 03:47:21 +0800


Started GET "/assets/children.js?body=1" for 127.0.0.1 at 2015-03-24 03:47:21 +0800


Started GET "/assets/apps.js?body=1" for 127.0.0.1 at 2015-03-24 03:47:21 +0800


Started GET "/assets/neighbors_families.js?body=1" for 127.0.0.1 at 2015-03-24 03:47:21 +0800


Started GET "/assets/messages.js?body=1" for 127.0.0.1 at 2015-03-24 03:47:21 +0800


Started GET "/assets/play_invitations.js?body=1" for 127.0.0.1 at 2015-03-24 03:47:21 +0800


Started GET "/assets/play_networks.js?body=1" for 127.0.0.1 at 2015-03-24 03:47:21 +0800


Started GET "/assets/play_nodes.js?body=1" for 127.0.0.1 at 2015-03-24 03:47:21 +0800


Started GET "/assets/playcelets.js?body=1" for 127.0.0.1 at 2015-03-24 03:47:21 +0800


Started GET "/assets/supervisors.js?body=1" for 127.0.0.1 at 2015-03-24 03:47:21 +0800


Started GET "/assets/application.js?body=1" for 127.0.0.1 at 2015-03-24 03:47:21 +0800


Started GET "/assets/neighbors_families_links.js?body=1" for 127.0.0.1 at 2015-03-24 03:47:21 +0800


Started GET "/assets/parents.js?body=1" for 127.0.0.1 at 2015-03-24 03:47:21 +0800


Started GET "/assets/neighbors_invitations.js?body=1" for 127.0.0.1 at 2015-03-24 03:47:21 +0800


Started GET "/assets/places.js?body=1" for 127.0.0.1 at 2015-03-24 03:47:21 +0800


Started POST "/users/sign_in" for 127.0.0.1 at 2015-03-24 03:47:34 +0800
Processing by Devise::SessionsController#create as HTML
  Parameters: {"utf8"=>"✓", "authenticity_token"=>"zRMxw2qreMVjdmsFxqB163jwE9zu7skAmgYVgM0WwlM=", "user"=>{"email"=>"admin@playcelet.com", "password"=>"[FILTERED]", "remember_me"=>"0"}, "commit"=>"Sign in"}
  [1m[35mUser Load (126.5ms)[0m  SELECT  "users".* FROM "users"  WHERE "users"."email" = 'admin@playcelet.com'  ORDER BY "users"."id" ASC LIMIT 1
  [1m[36m (18.1ms)[0m  [1mBEGIN[0m
  [1m[35mSQL (61.3ms)[0m  UPDATE "users" SET "current_sign_in_at" = $1, "current_sign_in_ip" = $2, "sign_in_count" = $3, "updated_at" = $4 WHERE "users"."id" = 1  [["current_sign_in_at", "2015-03-23 19:47:34.504272"], ["current_sign_in_ip", "127.0.0.1"], ["sign_in_count", 2], ["updated_at", "2015-03-23 19:47:34.523925"]]
  [1m[36m (17.4ms)[0m  [1mCOMMIT[0m
Redirected to http://localhost:3000/
Completed 302 Found in 453ms (ActiveRecord: 223.6ms)


Started GET "/" for 127.0.0.1 at 2015-03-24 03:47:34 +0800
Processing by HomeController#index as HTML
  [1m[35mUser Load (0.5ms)[0m  SELECT  "users".* FROM "users"  WHERE "users"."id" = 1  ORDER BY "users"."id" ASC LIMIT 1
  Rendered home/index.html.erb within layouts/application (0.9ms)
Completed 200 OK in 164ms (Views: 161.7ms | ActiveRecord: 0.5ms)


Started GET "/families" for 127.0.0.1 at 2015-03-24 03:47:36 +0800
Processing by FamiliesController#index as HTML
  [1m[36mUser Load (0.5ms)[0m  [1mSELECT  "users".* FROM "users"  WHERE "users"."id" = 1  ORDER BY "users"."id" ASC LIMIT 1[0m
  [1m[35mFamily Load (38.2ms)[0m  SELECT "families".* FROM "families"  WHERE "families"."type" = 'Family'
  Rendered families/index.html.erb within layouts/application (61.2ms)
Completed 200 OK in 153ms (Views: 93.5ms | ActiveRecord: 56.8ms)


Started GET "/messages" for 127.0.0.1 at 2015-03-24 03:47:40 +0800
Processing by MessagesController#index as HTML
  [1m[36mUser Load (0.5ms)[0m  [1mSELECT  "users".* FROM "users"  WHERE "users"."id" = 1  ORDER BY "users"."id" ASC LIMIT 1[0m
  [1m[35mMessage Load (254.0ms)[0m  SELECT  "messages".* FROM "messages"   ORDER BY id DESC LIMIT 10 OFFSET 0
  Rendered messages/index.html.erb within layouts/application (259.4ms)
Completed 200 OK in 332ms (Views: 75.1ms | ActiveRecord: 254.5ms)


Started GET "/infos" for 127.0.0.1 at 2015-03-24 03:47:43 +0800
Processing by InfosController#index as HTML
  [1m[36mUser Load (0.5ms)[0m  [1mSELECT  "users".* FROM "users"  WHERE "users"."id" = 1  ORDER BY "users"."id" ASC LIMIT 1[0m
  [1m[35mInfo Load (72.5ms)[0m  SELECT  "infos".* FROM "infos"  WHERE "infos"."status" = 'new'  ORDER BY id DESC LIMIT 10 OFFSET 0
  Rendered infos/index.html.erb within layouts/application (107.9ms)
Completed 200 OK in 175ms (Views: 69.8ms | ActiveRecord: 102.7ms)


Started GET "/play_networks" for 127.0.0.1 at 2015-03-24 03:47:46 +0800
Processing by PlayNetworksController#index as HTML
  [1m[36mUser Load (0.5ms)[0m  [1mSELECT  "users".* FROM "users"  WHERE "users"."id" = 1  ORDER BY "users"."id" ASC LIMIT 1[0m
  [1m[35mPlayNetwork Load (44.2ms)[0m  SELECT "play_networks".* FROM "play_networks"
  Rendered play_networks/index.html.erb within layouts/application (48.2ms)
Completed 200 OK in 133ms (Views: 85.4ms | ActiveRecord: 44.8ms)


Started GET "/play_invitations" for 127.0.0.1 at 2015-03-24 03:47:49 +0800
Processing by PlayInvitationsController#index as HTML
  [1m[36mUser Load (0.5ms)[0m  [1mSELECT  "users".* FROM "users"  WHERE "users"."id" = 1  ORDER BY "users"."id" ASC LIMIT 1[0m
  [1m[35m (103.9ms)[0m  SELECT COUNT(*) FROM "play_invitations"  WHERE ("play_invitations"."status" < 'a. closed')
  [1m[36mPlayInvitation Load (13.6ms)[0m  [1mSELECT  "play_invitations".* FROM "play_invitations"  WHERE ("play_invitations"."status" < 'a. closed')  ORDER BY id DESC LIMIT 10 OFFSET 0[0m
  Rendered play_invitations/index.html.erb within layouts/application (163.2ms)
Completed 200 OK in 266ms (Views: 112.0ms | ActiveRecord: 151.8ms)


Started GET "/users/sign_in" for 127.0.0.1 at 2015-03-24 03:47:59 +0800
Processing by Devise::SessionsController#new as HTML
  [1m[35mUser Load (0.5ms)[0m  SELECT  "users".* FROM "users"  WHERE "users"."id" = 1  ORDER BY "users"."id" ASC LIMIT 1
Redirected to http://localhost:3000/
Filter chain halted as :require_no_authentication rendered or redirected
Completed 302 Found in 3ms (ActiveRecord: 0.5ms)


Started DELETE "/users/sign_out" for 127.0.0.1 at 2015-03-24 03:48:04 +0800
Processing by Devise::SessionsController#destroy as HTML
  Parameters: {"authenticity_token"=>"N9OdnzeIpGYZvoz3DhBjyqz0z3JSy3mRPb9KSkIcL+E="}
  [1m[36mUser Load (0.5ms)[0m  [1mSELECT  "users".* FROM "users"  WHERE "users"."id" = 1  ORDER BY "users"."id" ASC LIMIT 1[0m
  [1m[35m (0.3ms)[0m  BEGIN
  [1m[36m (0.2ms)[0m  [1mCOMMIT[0m
Redirected to http://localhost:3000/
Completed 302 Found in 28ms (ActiveRecord: 0.9ms)


Started GET "/" for 127.0.0.1 at 2015-03-24 03:48:04 +0800
Processing by HomeController#index as HTML
Completed 401 Unauthorized in 1ms


Started GET "/users/sign_in" for 127.0.0.1 at 2015-03-24 03:48:04 +0800
Processing by Devise::SessionsController#new as HTML
  Rendered /Users/admin/.rbenv/versions/2.1.2/lib/ruby/gems/2.1.0/gems/devise-3.2.4/app/views/devise/shared/_links.erb (0.4ms)
  Rendered /Users/admin/.rbenv/versions/2.1.2/lib/ruby/gems/2.1.0/gems/devise-3.2.4/app/views/devise/sessions/new.html.erb within layouts/application (3.6ms)
Completed 200 OK in 82ms (Views: 80.9ms | ActiveRecord: 0.0ms)


Started GET "/registrations/new.user" for 127.0.0.1 at 2015-03-24 03:48:08 +0800
Processing by RegistrationsController#new as 
Completed 401 Unauthorized in 1ms


Started GET "/users/sign_up" for 127.0.0.1 at 2015-03-24 03:48:11 +0800
Processing by Devise::RegistrationsController#new as HTML
  Rendered /Users/admin/.rbenv/versions/2.1.2/lib/ruby/gems/2.1.0/gems/devise-3.2.4/app/views/devise/shared/_links.erb (0.5ms)
  Rendered /Users/admin/.rbenv/versions/2.1.2/lib/ruby/gems/2.1.0/gems/devise-3.2.4/app/views/devise/registrations/new.html.erb within layouts/application (5.1ms)
Completed 200 OK in 78ms (Views: 76.4ms | ActiveRecord: 0.0ms)


Started GET "/users/sign_up" for 127.0.0.1 at 2015-03-24 03:48:13 +0800
Processing by Devise::RegistrationsController#new as HTML
  Rendered /Users/admin/.rbenv/versions/2.1.2/lib/ruby/gems/2.1.0/gems/devise-3.2.4/app/views/devise/shared/_links.erb (0.2ms)
  Rendered /Users/admin/.rbenv/versions/2.1.2/lib/ruby/gems/2.1.0/gems/devise-3.2.4/app/views/devise/registrations/new.html.erb within layouts/application (2.8ms)
Completed 200 OK in 60ms (Views: 58.7ms | ActiveRecord: 0.0ms)


Started POST "/registrations/user" for 127.0.0.1 at 2015-03-24 03:48:24 +0800

ActionController::RoutingError (No route matches [POST] "/registrations/user"):
  actionpack (4.1.3) lib/action_dispatch/middleware/debug_exceptions.rb:21:in `call'
  actionpack (4.1.3) lib/action_dispatch/middleware/show_exceptions.rb:30:in `call'
  railties (4.1.3) lib/rails/rack/logger.rb:38:in `call_app'
  railties (4.1.3) lib/rails/rack/logger.rb:20:in `block in call'
  activesupport (4.1.3) lib/active_support/tagged_logging.rb:68:in `block in tagged'
  activesupport (4.1.3) lib/active_support/tagged_logging.rb:26:in `tagged'
  activesupport (4.1.3) lib/active_support/tagged_logging.rb:68:in `tagged'
  railties (4.1.3) lib/rails/rack/logger.rb:20:in `call'
  actionpack (4.1.3) lib/action_dispatch/middleware/request_id.rb:21:in `call'
  rack (1.5.2) lib/rack/methodoverride.rb:21:in `call'
  rack (1.5.2) lib/rack/runtime.rb:17:in `call'
  activesupport (4.1.3) lib/active_support/cache/strategy/local_cache_middleware.rb:26:in `call'
  rack (1.5.2) lib/rack/lock.rb:17:in `call'
  actionpack (4.1.3) lib/action_dispatch/middleware/static.rb:64:in `call'
  rack (1.5.2) lib/rack/sendfile.rb:112:in `call'
  railties (4.1.3) lib/rails/engine.rb:514:in `call'
  railties (4.1.3) lib/rails/application.rb:144:in `call'
  rack (1.5.2) lib/rack/lock.rb:17:in `call'
  rack (1.5.2) lib/rack/content_length.rb:14:in `call'
  rack (1.5.2) lib/rack/handler/webrick.rb:60:in `service'
  /Users/admin/.rbenv/versions/2.1.2/lib/ruby/2.1.0/webrick/httpserver.rb:138:in `service'
  /Users/admin/.rbenv/versions/2.1.2/lib/ruby/2.1.0/webrick/httpserver.rb:94:in `run'
  /Users/admin/.rbenv/versions/2.1.2/lib/ruby/2.1.0/webrick/server.rb:295:in `block in start_thread'


  Rendered /Users/admin/.rbenv/versions/2.1.2/lib/ruby/gems/2.1.0/gems/actionpack-4.1.3/lib/action_dispatch/middleware/templates/rescues/_trace.html.erb (1.3ms)
  Rendered /Users/admin/.rbenv/versions/2.1.2/lib/ruby/gems/2.1.0/gems/actionpack-4.1.3/lib/action_dispatch/middleware/templates/routes/_route.html.erb (19.3ms)
  Rendered /Users/admin/.rbenv/versions/2.1.2/lib/ruby/gems/2.1.0/gems/actionpack-4.1.3/lib/action_dispatch/middleware/templates/routes/_table.html.erb (5.9ms)
  Rendered /Users/admin/.rbenv/versions/2.1.2/lib/ruby/gems/2.1.0/gems/actionpack-4.1.3/lib/action_dispatch/middleware/templates/rescues/routing_error.html.erb within rescues/layout (142.0ms)


Started GET "/rails/info/routes" for 127.0.0.1 at 2015-03-24 04:27:56 +0800
Processing by Rails::InfoController#routes as HTML
  Rendered /Users/admin/.rbenv/versions/2.1.2/lib/ruby/gems/2.1.0/gems/actionpack-4.1.3/lib/action_dispatch/middleware/templates/routes/_route.html.erb (24.5ms)
  Rendered /Users/admin/.rbenv/versions/2.1.2/lib/ruby/gems/2.1.0/gems/actionpack-4.1.3/lib/action_dispatch/middleware/templates/routes/_table.html.erb (1.8ms)
  Rendered /Users/admin/.rbenv/versions/2.1.2/lib/ruby/gems/2.1.0/gems/railties-4.1.3/lib/rails/templates/rails/info/routes.html.erb within layouts/application (83.8ms)
Completed 200 OK in 105ms (Views: 104.3ms | ActiveRecord: 0.0ms)


Started POST "/registrations/user" for 127.0.0.1 at 2015-03-24 04:28:07 +0800

ActionController::RoutingError (No route matches [POST] "/registrations/user"):
  actionpack (4.1.3) lib/action_dispatch/middleware/debug_exceptions.rb:21:in `call'
  actionpack (4.1.3) lib/action_dispatch/middleware/show_exceptions.rb:30:in `call'
  railties (4.1.3) lib/rails/rack/logger.rb:38:in `call_app'
  railties (4.1.3) lib/rails/rack/logger.rb:20:in `block in call'
  activesupport (4.1.3) lib/active_support/tagged_logging.rb:68:in `block in tagged'
  activesupport (4.1.3) lib/active_support/tagged_logging.rb:26:in `tagged'
  activesupport (4.1.3) lib/active_support/tagged_logging.rb:68:in `tagged'
  railties (4.1.3) lib/rails/rack/logger.rb:20:in `call'
  actionpack (4.1.3) lib/action_dispatch/middleware/request_id.rb:21:in `call'
  rack (1.5.2) lib/rack/methodoverride.rb:21:in `call'
  rack (1.5.2) lib/rack/runtime.rb:17:in `call'
  activesupport (4.1.3) lib/active_support/cache/strategy/local_cache_middleware.rb:26:in `call'
  rack (1.5.2) lib/rack/lock.rb:17:in `call'
  actionpack (4.1.3) lib/action_dispatch/middleware/static.rb:64:in `call'
  rack (1.5.2) lib/rack/sendfile.rb:112:in `call'
  railties (4.1.3) lib/rails/engine.rb:514:in `call'
  railties (4.1.3) lib/rails/application.rb:144:in `call'
  rack (1.5.2) lib/rack/lock.rb:17:in `call'
  rack (1.5.2) lib/rack/content_length.rb:14:in `call'
  rack (1.5.2) lib/rack/handler/webrick.rb:60:in `service'
  /Users/admin/.rbenv/versions/2.1.2/lib/ruby/2.1.0/webrick/httpserver.rb:138:in `service'
  /Users/admin/.rbenv/versions/2.1.2/lib/ruby/2.1.0/webrick/httpserver.rb:94:in `run'
  /Users/admin/.rbenv/versions/2.1.2/lib/ruby/2.1.0/webrick/server.rb:295:in `block in start_thread'


  Rendered /Users/admin/.rbenv/versions/2.1.2/lib/ruby/gems/2.1.0/gems/actionpack-4.1.3/lib/action_dispatch/middleware/templates/rescues/_trace.html.erb (1.6ms)
  Rendered /Users/admin/.rbenv/versions/2.1.2/lib/ruby/gems/2.1.0/gems/actionpack-4.1.3/lib/action_dispatch/middleware/templates/routes/_route.html.erb (21.0ms)
  Rendered /Users/admin/.rbenv/versions/2.1.2/lib/ruby/gems/2.1.0/gems/actionpack-4.1.3/lib/action_dispatch/middleware/templates/routes/_table.html.erb (1.4ms)
  Rendered /Users/admin/.rbenv/versions/2.1.2/lib/ruby/gems/2.1.0/gems/actionpack-4.1.3/lib/action_dispatch/middleware/templates/rescues/routing_error.html.erb within rescues/layout (129.1ms)


Started GET "/users/sign_in" for 127.0.0.1 at 2015-03-24 04:29:21 +0800
Processing by Devise::SessionsController#new as HTML
  Rendered /Users/admin/.rbenv/versions/2.1.2/lib/ruby/gems/2.1.0/gems/devise-3.2.4/app/views/devise/shared/_links.erb (0.5ms)
  Rendered /Users/admin/.rbenv/versions/2.1.2/lib/ruby/gems/2.1.0/gems/devise-3.2.4/app/views/devise/sessions/new.html.erb within layouts/application (4.1ms)
Completed 200 OK in 116ms (Views: 114.5ms | ActiveRecord: 0.0ms)


Started GET "/registrations/new.user" for 127.0.0.1 at 2015-03-24 04:29:25 +0800
Processing by RegistrationsController#new as 
Completed 401 Unauthorized in 1ms


Started POST "/users/sign_in" for 127.0.0.1 at 2015-03-24 04:29:38 +0800
Processing by Devise::SessionsController#create as HTML
  Parameters: {"utf8"=>"✓", "authenticity_token"=>"NeGjoql2ZfV7AKw5HxYyVsz3GdRCUxGCBoao4RZp0YA=", "user"=>{"email"=>"admin@playcelet.com", "password"=>"[FILTERED]", "remember_me"=>"0"}, "commit"=>"Sign in"}
  [1m[35mUser Load (0.5ms)[0m  SELECT  "users".* FROM "users"  WHERE "users"."email" = 'admin@playcelet.com'  ORDER BY "users"."id" ASC LIMIT 1
  [1m[36m (0.3ms)[0m  [1mBEGIN[0m
  [1m[35mSQL (0.4ms)[0m  UPDATE "users" SET "current_sign_in_at" = $1, "last_sign_in_at" = $2, "last_sign_in_ip" = $3, "sign_in_count" = $4, "updated_at" = $5 WHERE "users"."id" = 1  [["current_sign_in_at", "2015-03-23 20:29:38.288310"], ["last_sign_in_at", "2015-03-23 19:47:34.504272"], ["last_sign_in_ip", "127.0.0.1"], ["sign_in_count", 3], ["updated_at", "2015-03-23 20:29:38.289267"]]
  [1m[36m (15.3ms)[0m  [1mCOMMIT[0m
Redirected to http://localhost:3000/
Completed 302 Found in 106ms (ActiveRecord: 16.5ms)


Started GET "/" for 127.0.0.1 at 2015-03-24 04:29:38 +0800
Processing by HomeController#index as HTML
  [1m[35mUser Load (0.6ms)[0m  SELECT  "users".* FROM "users"  WHERE "users"."id" = 1  ORDER BY "users"."id" ASC LIMIT 1
  Rendered home/index.html.erb within layouts/application (0.1ms)
Completed 200 OK in 90ms (Views: 87.7ms | ActiveRecord: 0.6ms)


Started GET "/assets/turbolinks.js?body=1" for 127.0.0.1 at 2015-03-24 04:29:38 +0800


Started GET "/families" for 127.0.0.1 at 2015-03-24 04:29:40 +0800
Processing by FamiliesController#index as HTML
  [1m[36mUser Load (0.6ms)[0m  [1mSELECT  "users".* FROM "users"  WHERE "users"."id" = 1  ORDER BY "users"."id" ASC LIMIT 1[0m
  [1m[35mFamily Load (0.5ms)[0m  SELECT "families".* FROM "families"  WHERE "families"."type" = 'Family'
  Rendered families/index.html.erb within layouts/application (2.9ms)
Completed 200 OK in 92ms (Views: 89.7ms | ActiveRecord: 1.1ms)


Started GET "/families/new" for 127.0.0.1 at 2015-03-24 04:29:42 +0800
Processing by FamiliesController#new as HTML
  [1m[36mUser Load (0.5ms)[0m  [1mSELECT  "users".* FROM "users"  WHERE "users"."id" = 1  ORDER BY "users"."id" ASC LIMIT 1[0m
  Rendered shared/_validation_errors.html.erb (1.1ms)
  Rendered families/_form.html.erb (45.1ms)
  Rendered families/new.html.erb within layouts/application (67.0ms)
Completed 200 OK in 206ms (Views: 201.9ms | ActiveRecord: 1.2ms)


Started POST "/families" for 127.0.0.1 at 2015-03-24 04:30:08 +0800
Processing by FamiliesController#create as HTML
  Parameters: {"utf8"=>"✓", "authenticity_token"=>"s+rMeo6EVz180+VmfIKxPTQQnqQ182645pAeds9nGBM=", "family"=>{"name"=>"Sutan", "address"=>"Malaysia"}, "commit"=>"Create Family"}
  [1m[35mUser Load (0.5ms)[0m  SELECT  "users".* FROM "users"  WHERE "users"."id" = 1  ORDER BY "users"."id" ASC LIMIT 1
  [1m[36m (0.2ms)[0m  [1mBEGIN[0m
  [1m[35mSQL (47.2ms)[0m  INSERT INTO "families" ("address", "created_at", "name", "updated_at") VALUES ($1, $2, $3, $4) RETURNING "id"  [["address", "Malaysia"], ["created_at", "2015-03-23 20:30:08.316861"], ["name", "Sutan"], ["updated_at", "2015-03-23 20:30:08.316861"]]
  [1m[36m (0.5ms)[0m  [1mCOMMIT[0m
Redirected to http://localhost:3000/families/1
Completed 302 Found in 104ms (ActiveRecord: 48.4ms)


Started GET "/families/1" for 127.0.0.1 at 2015-03-24 04:30:08 +0800
Processing by FamiliesController#show as HTML
  Parameters: {"id"=>"1"}
  [1m[35mUser Load (0.5ms)[0m  SELECT  "users".* FROM "users"  WHERE "users"."id" = 1  ORDER BY "users"."id" ASC LIMIT 1
  [1m[36mFamily Load (0.4ms)[0m  [1mSELECT  "families".* FROM "families"  WHERE "families"."id" = $1 LIMIT 1[0m  [["id", 1]]
  [1m[35mSupervisor Load (67.4ms)[0m  SELECT "supervisors".* FROM "supervisors"  WHERE "supervisors"."family_id" = $1  [["family_id", 1]]
  Rendered shared/_parents_table.html.erb (80.9ms)
  [1m[36mChild Load (25.0ms)[0m  [1mSELECT "children".* FROM "children"  WHERE "children"."family_id" = $1[0m  [["family_id", 1]]
  Rendered shared/_children_table.html.erb (30.2ms)
  Rendered families/show.html.erb within layouts/application (286.8ms)
Completed 200 OK in 389ms (Views: 270.1ms | ActiveRecord: 115.2ms)


Started GET "/assets/turbolinks.js?body=1" for 127.0.0.1 at 2015-03-24 04:30:08 +0800


Started GET "/families" for 127.0.0.1 at 2015-03-24 04:30:22 +0800
Processing by FamiliesController#index as HTML
  [1m[35mUser Load (0.5ms)[0m  SELECT  "users".* FROM "users"  WHERE "users"."id" = 1  ORDER BY "users"."id" ASC LIMIT 1
  [1m[36mFamily Load (0.4ms)[0m  [1mSELECT "families".* FROM "families"  WHERE "families"."type" = 'Family'[0m
  [1m[35m (0.2ms)[0m  SELECT COUNT(*) FROM "children"  WHERE "children"."family_id" = $1  [["family_id", 1]]
  [1m[36m (0.3ms)[0m  [1mSELECT COUNT(*) FROM "supervisors"  WHERE "supervisors"."family_id" = $1[0m  [["family_id", 1]]
  Rendered families/index.html.erb within layouts/application (13.2ms)
Completed 200 OK in 76ms (Views: 70.2ms | ActiveRecord: 3.7ms)


Started GET "/families" for 127.0.0.1 at 2015-03-24 04:30:44 +0800
Processing by FamiliesController#index as HTML
  [1m[35mUser Load (0.5ms)[0m  SELECT  "users".* FROM "users"  WHERE "users"."id" = 1  ORDER BY "users"."id" ASC LIMIT 1
  [1m[36mFamily Load (0.4ms)[0m  [1mSELECT "families".* FROM "families"  WHERE "families"."type" = 'Family'[0m
  [1m[35m (0.6ms)[0m  SELECT COUNT(*) FROM "children"  WHERE "children"."family_id" = $1  [["family_id", 1]]
  [1m[36m (0.3ms)[0m  [1mSELECT COUNT(*) FROM "supervisors"  WHERE "supervisors"."family_id" = $1[0m  [["family_id", 1]]
  Rendered families/index.html.erb within layouts/application (6.8ms)
Completed 200 OK in 69ms (Views: 66.0ms | ActiveRecord: 1.9ms)


Started DELETE "/families/1" for 127.0.0.1 at 2015-03-24 04:30:48 +0800
Processing by FamiliesController#destroy as HTML
  Parameters: {"authenticity_token"=>"s+rMeo6EVz180+VmfIKxPTQQnqQ182645pAeds9nGBM=", "id"=>"1"}
  [1m[35mUser Load (0.5ms)[0m  SELECT  "users".* FROM "users"  WHERE "users"."id" = 1  ORDER BY "users"."id" ASC LIMIT 1
  [1m[36mFamily Load (0.3ms)[0m  [1mSELECT  "families".* FROM "families"  WHERE "families"."id" = $1 LIMIT 1[0m  [["id", 1]]
  [1m[35mSupervisor Load (0.3ms)[0m  SELECT "supervisors".* FROM "supervisors"  WHERE "supervisors"."family_id" = $1  [["family_id", 1]]
  [1m[36mChild Load (0.3ms)[0m  [1mSELECT "children".* FROM "children"  WHERE "children"."family_id" = $1[0m  [["family_id", 1]]
  [1m[35m (0.1ms)[0m  BEGIN
  [1m[36mSQL (0.2ms)[0m  [1mDELETE FROM "families" WHERE "families"."id" = $1[0m  [["id", 1]]
  [1m[35m (0.9ms)[0m  COMMIT
Redirected to http://localhost:3000/families
Completed 302 Found in 8ms (ActiveRecord: 2.6ms)


Started GET "/families" for 127.0.0.1 at 2015-03-24 04:30:48 +0800
Processing by FamiliesController#index as HTML
  [1m[36mUser Load (0.5ms)[0m  [1mSELECT  "users".* FROM "users"  WHERE "users"."id" = 1  ORDER BY "users"."id" ASC LIMIT 1[0m
  [1m[35mFamily Load (0.4ms)[0m  SELECT "families".* FROM "families"  WHERE "families"."type" = 'Family'
  Rendered families/index.html.erb within layouts/application (3.4ms)
Completed 200 OK in 68ms (Views: 65.5ms | ActiveRecord: 0.9ms)


Started GET "/assets/turbolinks.js?body=1" for 127.0.0.1 at 2015-03-24 04:30:48 +0800


Started DELETE "/delete_all_messages_data" for 127.0.0.1 at 2015-03-24 04:30:52 +0800
Processing by HomeController#delete_all_messages_data as HTML
  Parameters: {"authenticity_token"=>"s+rMeo6EVz180+VmfIKxPTQQnqQ182645pAeds9nGBM="}
  [1m[36mUser Load (0.5ms)[0m  [1mSELECT  "users".* FROM "users"  WHERE "users"."id" = 1  ORDER BY "users"."id" ASC LIMIT 1[0m
  [1m[35mEventLog Load (28.0ms)[0m  SELECT "event_logs".* FROM "event_logs"
  [1m[36mDelayedJob Load (38.5ms)[0m  [1mSELECT "delayed_jobs".* FROM "delayed_jobs"[0m
  [1m[35mPlayInvitation Load (0.6ms)[0m  SELECT "play_invitations".* FROM "play_invitations"
  [1m[36mInfo Load (0.5ms)[0m  [1mSELECT "infos".* FROM "infos"[0m
  [1m[35mMessage Load (0.4ms)[0m  SELECT "messages".* FROM "messages"
  [1m[36mSQL (0.3ms)[0m  [1mUPDATE "children" SET "app_id" = NULL[0m
Redirected to http://localhost:3000/
Completed 302 Found in 133ms (ActiveRecord: 68.8ms)


Started GET "/" for 127.0.0.1 at 2015-03-24 04:30:52 +0800
Processing by HomeController#index as HTML
  [1m[35mUser Load (0.6ms)[0m  SELECT  "users".* FROM "users"  WHERE "users"."id" = 1  ORDER BY "users"."id" ASC LIMIT 1
  Rendered home/index.html.erb within layouts/application (0.1ms)
Completed 200 OK in 94ms (Views: 91.3ms | ActiveRecord: 0.6ms)


Started GET "/assets/turbolinks.js?body=1" for 127.0.0.1 at 2015-03-24 04:30:52 +0800


Started GET "/" for 127.0.0.1 at 2015-03-24 04:53:57 +0800
  [1m[36mActiveRecord::SchemaMigration Load (0.6ms)[0m  [1mSELECT "schema_migrations".* FROM "schema_migrations"[0m
Processing by HomeController#index as HTML
  [1m[35mUser Load (1.5ms)[0m  SELECT  "users".* FROM "users"  WHERE "users"."id" = 1  ORDER BY "users"."id" ASC LIMIT 1
  Rendered home/index.html.erb within layouts/application (24.0ms)
Completed 200 OK in 1399ms (Views: 1323.4ms | ActiveRecord: 4.4ms)


Started GET "/assets/turbolinks.js?body=1" for 127.0.0.1 at 2015-03-24 04:53:59 +0800


Started GET "/families" for 127.0.0.1 at 2015-03-24 04:54:12 +0800
Processing by FamiliesController#index as HTML
  [1m[36mUser Load (0.7ms)[0m  [1mSELECT  "users".* FROM "users"  WHERE "users"."id" = 1  ORDER BY "users"."id" ASC LIMIT 1[0m
  [1m[35mFamily Load (0.6ms)[0m  SELECT "families".* FROM "families"  WHERE "families"."type" = 'Family'
  Rendered families/index.html.erb within layouts/application (6.1ms)
Completed 200 OK in 77ms (Views: 71.4ms | ActiveRecord: 2.7ms)


Started GET "/families" for 127.0.0.1 at 2015-03-24 10:17:34 +0800
Processing by FamiliesController#index as HTML
  [1m[36mUser Load (2.1ms)[0m  [1mSELECT  "users".* FROM "users"  WHERE "users"."id" = 1  ORDER BY "users"."id" ASC LIMIT 1[0m
  [1m[35mFamily Load (0.4ms)[0m  SELECT "families".* FROM "families"  WHERE "families"."type" = 'Family'
  Rendered families/index.html.erb within layouts/application (3.1ms)
Completed 200 OK in 196ms (Views: 188.3ms | ActiveRecord: 2.5ms)


Started GET "/messages" for 127.0.0.1 at 2015-03-24 10:17:35 +0800
Processing by MessagesController#index as HTML
  [1m[36mUser Load (0.5ms)[0m  [1mSELECT  "users".* FROM "users"  WHERE "users"."id" = 1  ORDER BY "users"."id" ASC LIMIT 1[0m
  [1m[35mMessage Load (1.3ms)[0m  SELECT  "messages".* FROM "messages"   ORDER BY id DESC LIMIT 10 OFFSET 0
  Rendered messages/index.html.erb within layouts/application (13.1ms)
Completed 200 OK in 118ms (Views: 112.7ms | ActiveRecord: 1.8ms)


Started GET "/infos" for 127.0.0.1 at 2015-03-24 10:17:38 +0800
Processing by InfosController#index as HTML
  [1m[36mUser Load (0.6ms)[0m  [1mSELECT  "users".* FROM "users"  WHERE "users"."id" = 1  ORDER BY "users"."id" ASC LIMIT 1[0m
  [1m[35mInfo Load (1.4ms)[0m  SELECT  "infos".* FROM "infos"  WHERE "infos"."status" = 'new'  ORDER BY id DESC LIMIT 10 OFFSET 0
  Rendered infos/index.html.erb within layouts/application (55.3ms)
Completed 200 OK in 137ms (Views: 85.4ms | ActiveRecord: 48.4ms)


Started GET "/play_networks" for 127.0.0.1 at 2015-03-24 10:17:39 +0800
Processing by PlayNetworksController#index as HTML
  [1m[36mUser Load (0.5ms)[0m  [1mSELECT  "users".* FROM "users"  WHERE "users"."id" = 1  ORDER BY "users"."id" ASC LIMIT 1[0m
  [1m[35mPlayNetwork Load (0.7ms)[0m  SELECT "play_networks".* FROM "play_networks"
  Rendered play_networks/index.html.erb within layouts/application (4.6ms)
Completed 200 OK in 105ms (Views: 101.3ms | ActiveRecord: 1.2ms)


Started GET "/play_invitations" for 127.0.0.1 at 2015-03-24 10:17:40 +0800
Processing by PlayInvitationsController#index as HTML
  [1m[36mUser Load (0.5ms)[0m  [1mSELECT  "users".* FROM "users"  WHERE "users"."id" = 1  ORDER BY "users"."id" ASC LIMIT 1[0m
  [1m[35m (1.2ms)[0m  SELECT COUNT(*) FROM "play_invitations"  WHERE ("play_invitations"."status" < 'a. closed')
  [1m[36mPlayInvitation Load (0.5ms)[0m  [1mSELECT  "play_invitations".* FROM "play_invitations"  WHERE ("play_invitations"."status" < 'a. closed')  ORDER BY id DESC LIMIT 10 OFFSET 0[0m
  Rendered play_invitations/index.html.erb within layouts/application (12.0ms)
Completed 200 OK in 82ms (Views: 74.2ms | ActiveRecord: 4.8ms)


Started GET "/families" for 127.0.0.1 at 2015-03-24 10:17:43 +0800
Processing by FamiliesController#index as HTML
  [1m[35mUser Load (0.5ms)[0m  SELECT  "users".* FROM "users"  WHERE "users"."id" = 1  ORDER BY "users"."id" ASC LIMIT 1
  [1m[36mFamily Load (0.5ms)[0m  [1mSELECT "families".* FROM "families"  WHERE "families"."type" = 'Family'[0m
  Rendered families/index.html.erb within layouts/application (2.9ms)
Completed 200 OK in 80ms (Views: 76.4ms | ActiveRecord: 0.9ms)


Started DELETE "/users/sign_out" for 127.0.0.1 at 2015-03-24 10:17:44 +0800
Processing by Devise::SessionsController#destroy as HTML
  Parameters: {"authenticity_token"=>"s+rMeo6EVz180+VmfIKxPTQQnqQ182645pAeds9nGBM="}
  [1m[35mUser Load (0.6ms)[0m  SELECT  "users".* FROM "users"  WHERE "users"."id" = 1  ORDER BY "users"."id" ASC LIMIT 1
  [1m[36m (20.3ms)[0m  [1mBEGIN[0m
  [1m[35m (0.3ms)[0m  COMMIT
Redirected to http://localhost:3000/
Completed 302 Found in 65ms (ActiveRecord: 21.1ms)


Started GET "/" for 127.0.0.1 at 2015-03-24 10:17:45 +0800
Processing by HomeController#index as HTML
Completed 401 Unauthorized in 4ms


Started GET "/users/sign_in" for 127.0.0.1 at 2015-03-24 10:17:45 +0800
Processing by Devise::SessionsController#new as HTML
  Rendered /Users/admin/.rbenv/versions/2.1.2/lib/ruby/gems/2.1.0/gems/devise-3.2.4/app/views/devise/shared/_links.erb (2.1ms)
  Rendered /Users/admin/.rbenv/versions/2.1.2/lib/ruby/gems/2.1.0/gems/devise-3.2.4/app/views/devise/sessions/new.html.erb within layouts/application (133.8ms)
Completed 200 OK in 221ms (Views: 217.8ms | ActiveRecord: 0.0ms)


Started GET "/assets/turbolinks.js?body=1" for 127.0.0.1 at 2015-03-24 10:17:45 +0800


Started POST "/users/sign_in" for 127.0.0.1 at 2015-03-24 10:17:53 +0800
Processing by Devise::SessionsController#create as HTML
  Parameters: {"utf8"=>"✓", "authenticity_token"=>"JYl9pUpBtFeI18AGcKS4XgLtD5vgR0zA+ML6k+4phIc=", "user"=>{"email"=>"admin@playcelet.com", "password"=>"[FILTERED]", "remember_me"=>"0"}, "commit"=>"Sign in"}
  [1m[36mUser Load (1.0ms)[0m  [1mSELECT  "users".* FROM "users"  WHERE "users"."email" = 'admin@playcelet.com'  ORDER BY "users"."id" ASC LIMIT 1[0m
  [1m[35m (0.4ms)[0m  BEGIN
  [1m[36mSQL (30.2ms)[0m  [1mUPDATE "users" SET "current_sign_in_at" = $1, "last_sign_in_at" = $2, "sign_in_count" = $3, "updated_at" = $4 WHERE "users"."id" = 1[0m  [["current_sign_in_at", "2015-03-24 02:17:53.950483"], ["last_sign_in_at", "2015-03-23 20:29:38.288310"], ["sign_in_count", 4], ["updated_at", "2015-03-24 02:17:53.952324"]]
  [1m[35m (27.9ms)[0m  COMMIT
Redirected to http://localhost:3000/
Completed 302 Found in 298ms (ActiveRecord: 59.9ms)


Started GET "/" for 127.0.0.1 at 2015-03-24 10:17:54 +0800
Processing by HomeController#index as HTML
  [1m[36mUser Load (0.9ms)[0m  [1mSELECT  "users".* FROM "users"  WHERE "users"."id" = 1  ORDER BY "users"."id" ASC LIMIT 1[0m
  Rendered home/index.html.erb within layouts/application (0.1ms)
Completed 200 OK in 139ms (Views: 135.7ms | ActiveRecord: 0.9ms)


Started GET "/assets/turbolinks.js?body=1" for 127.0.0.1 at 2015-03-24 10:17:54 +0800


Started GET "/families" for 127.0.0.1 at 2015-03-24 10:17:57 +0800
Processing by FamiliesController#index as HTML
  [1m[35mUser Load (0.6ms)[0m  SELECT  "users".* FROM "users"  WHERE "users"."id" = 1  ORDER BY "users"."id" ASC LIMIT 1
  [1m[36mFamily Load (0.4ms)[0m  [1mSELECT "families".* FROM "families"  WHERE "families"."type" = 'Family'[0m
  Rendered families/index.html.erb within layouts/application (2.6ms)
Completed 200 OK in 71ms (Views: 67.5ms | ActiveRecord: 1.0ms)


Started GET "/messages" for 127.0.0.1 at 2015-03-24 10:17:58 +0800
Processing by MessagesController#index as HTML
  [1m[35mUser Load (0.5ms)[0m  SELECT  "users".* FROM "users"  WHERE "users"."id" = 1  ORDER BY "users"."id" ASC LIMIT 1
  [1m[36mMessage Load (0.5ms)[0m  [1mSELECT  "messages".* FROM "messages"   ORDER BY id DESC LIMIT 10 OFFSET 0[0m
  Rendered messages/index.html.erb within layouts/application (3.4ms)
Completed 200 OK in 72ms (Views: 68.5ms | ActiveRecord: 1.0ms)


Started GET "/infos" for 127.0.0.1 at 2015-03-24 10:17:59 +0800
Processing by InfosController#index as HTML
  [1m[35mUser Load (0.6ms)[0m  SELECT  "users".* FROM "users"  WHERE "users"."id" = 1  ORDER BY "users"."id" ASC LIMIT 1
  [1m[36mInfo Load (0.6ms)[0m  [1mSELECT  "infos".* FROM "infos"  WHERE "infos"."status" = 'new'  ORDER BY id DESC LIMIT 10 OFFSET 0[0m
  Rendered infos/index.html.erb within layouts/application (4.0ms)
Completed 200 OK in 74ms (Views: 69.9ms | ActiveRecord: 1.1ms)


Started GET "/play_networks" for 127.0.0.1 at 2015-03-24 10:18:00 +0800
Processing by PlayNetworksController#index as HTML
  [1m[35mUser Load (0.6ms)[0m  SELECT  "users".* FROM "users"  WHERE "users"."id" = 1  ORDER BY "users"."id" ASC LIMIT 1
  [1m[36mPlayNetwork Load (0.4ms)[0m  [1mSELECT "play_networks".* FROM "play_networks"[0m
  Rendered play_networks/index.html.erb within layouts/application (2.7ms)
Completed 200 OK in 70ms (Views: 66.4ms | ActiveRecord: 1.0ms)


Started GET "/play_invitations" for 127.0.0.1 at 2015-03-24 10:18:00 +0800
Processing by PlayInvitationsController#index as HTML
  [1m[35mUser Load (0.5ms)[0m  SELECT  "users".* FROM "users"  WHERE "users"."id" = 1  ORDER BY "users"."id" ASC LIMIT 1
  [1m[36m (0.6ms)[0m  [1mSELECT COUNT(*) FROM "play_invitations"  WHERE ("play_invitations"."status" < 'a. closed')[0m
  [1m[35mPlayInvitation Load (0.5ms)[0m  SELECT  "play_invitations".* FROM "play_invitations"  WHERE ("play_invitations"."status" < 'a. closed')  ORDER BY id DESC LIMIT 10 OFFSET 0
  Rendered play_invitations/index.html.erb within layouts/application (5.6ms)
Completed 200 OK in 81ms (Views: 76.5ms | ActiveRecord: 1.6ms)


Started GET "/families" for 127.0.0.1 at 2015-03-24 10:18:04 +0800
Processing by FamiliesController#index as HTML
  [1m[36mUser Load (0.6ms)[0m  [1mSELECT  "users".* FROM "users"  WHERE "users"."id" = 1  ORDER BY "users"."id" ASC LIMIT 1[0m
  [1m[35mFamily Load (0.4ms)[0m  SELECT "families".* FROM "families"  WHERE "families"."type" = 'Family'
  Rendered families/index.html.erb within layouts/application (2.6ms)
Completed 200 OK in 74ms (Views: 70.7ms | ActiveRecord: 1.0ms)


Started GET "/families" for 127.0.0.1 at 2015-03-24 12:26:03 +0800
  [1m[36mActiveRecord::SchemaMigration Load (0.8ms)[0m  [1mSELECT "schema_migrations".* FROM "schema_migrations"[0m
Processing by FamiliesController#index as HTML
  [1m[35mUser Load (1.1ms)[0m  SELECT  "users".* FROM "users"  WHERE "users"."id" = 1  ORDER BY "users"."id" ASC LIMIT 1
  [1m[36mFamily Load (0.6ms)[0m  [1mSELECT "families".* FROM "families"  WHERE "families"."type" = 'Family'[0m
  Rendered families/index.html.erb within layouts/application (135.3ms)
Completed 200 OK in 1433ms (Views: 1010.5ms | ActiveRecord: 38.9ms)


Started GET "/assets/theming.css?body=1" for 127.0.0.1 at 2015-03-24 12:26:05 +0800


Started GET "/assets/application.css?body=1" for 127.0.0.1 at 2015-03-24 12:26:05 +0800


Started GET "/assets/api/v1/play_invitations.css?body=1" for 127.0.0.1 at 2015-03-24 12:26:05 +0800


Started GET "/assets/api/v1/play_networks.css?body=1" for 127.0.0.1 at 2015-03-24 12:26:05 +0800


Started GET "/assets/api/v1/friends.css?body=1" for 127.0.0.1 at 2015-03-24 12:26:05 +0800


Started GET "/assets/children.css?body=1" for 127.0.0.1 at 2015-03-24 12:26:05 +0800


Started GET "/assets/apps.css?body=1" for 127.0.0.1 at 2015-03-24 12:26:05 +0800


Started GET "/assets/bootstrap_and_overrides.css?body=1" for 127.0.0.1 at 2015-03-24 12:26:05 +0800


Started GET "/assets/event_logs.css?body=1" for 127.0.0.1 at 2015-03-24 12:26:05 +0800


Started GET "/assets/home.css?body=1" for 127.0.0.1 at 2015-03-24 12:26:05 +0800


Started GET "/assets/families.css?body=1" for 127.0.0.1 at 2015-03-24 12:26:05 +0800


Started GET "/assets/infos.css?body=1" for 127.0.0.1 at 2015-03-24 12:26:05 +0800


Started GET "/assets/messages.css?body=1" for 127.0.0.1 at 2015-03-24 12:26:05 +0800


Started GET "/assets/neighbors_families.css?body=1" for 127.0.0.1 at 2015-03-24 12:26:05 +0800


Started GET "/assets/neighbors_invitations.css?body=1" for 127.0.0.1 at 2015-03-24 12:26:05 +0800


Started GET "/assets/parents.css?body=1" for 127.0.0.1 at 2015-03-24 12:26:05 +0800


Started GET "/assets/places.css?body=1" for 127.0.0.1 at 2015-03-24 12:26:05 +0800


Started GET "/assets/play_invitations.css?body=1" for 127.0.0.1 at 2015-03-24 12:26:05 +0800


Started GET "/assets/play_networks.css?body=1" for 127.0.0.1 at 2015-03-24 12:26:05 +0800


Started GET "/assets/playcelets.css?body=1" for 127.0.0.1 at 2015-03-24 12:26:05 +0800


Started GET "/assets/supervisors.css?body=1" for 127.0.0.1 at 2015-03-24 12:26:05 +0800


Started GET "/assets/neighbors_families_links.css?body=1" for 127.0.0.1 at 2015-03-24 12:26:05 +0800


Started GET "/assets/play_nodes.css?body=1" for 127.0.0.1 at 2015-03-24 12:26:05 +0800


Started GET "/assets/scaffolds.css?body=1" for 127.0.0.1 at 2015-03-24 12:26:05 +0800


Started GET "/assets/jquery.js?body=1" for 127.0.0.1 at 2015-03-24 12:26:05 +0800


Started GET "/assets/jquery_ujs.js?body=1" for 127.0.0.1 at 2015-03-24 12:26:05 +0800


Started GET "/assets/twitter/bootstrap/bootstrap-alert.js?body=1" for 127.0.0.1 at 2015-03-24 12:26:05 +0800


Started GET "/assets/twitter/bootstrap/bootstrap-transition.js?body=1" for 127.0.0.1 at 2015-03-24 12:26:05 +0800


Started GET "/assets/twitter/bootstrap/bootstrap-scrollspy.js?body=1" for 127.0.0.1 at 2015-03-24 12:26:05 +0800


Started GET "/assets/twitter/bootstrap/bootstrap-tab.js?body=1" for 127.0.0.1 at 2015-03-24 12:26:05 +0800


Started GET "/assets/twitter/bootstrap/bootstrap-tooltip.js?body=1" for 127.0.0.1 at 2015-03-24 12:26:05 +0800


Started GET "/assets/twitter/bootstrap/bootstrap-popover.js?body=1" for 127.0.0.1 at 2015-03-24 12:26:05 +0800


Started GET "/assets/twitter/bootstrap/bootstrap-modal.js?body=1" for 127.0.0.1 at 2015-03-24 12:26:05 +0800


Started GET "/assets/twitter/bootstrap/bootstrap-dropdown.js?body=1" for 127.0.0.1 at 2015-03-24 12:26:05 +0800


Started GET "/assets/twitter/bootstrap/bootstrap-collapse.js?body=1" for 127.0.0.1 at 2015-03-24 12:26:05 +0800


Started GET "/assets/twitter/bootstrap/bootstrap-button.js?body=1" for 127.0.0.1 at 2015-03-24 12:26:05 +0800


Started GET "/assets/twitter/bootstrap.js?body=1" for 127.0.0.1 at 2015-03-24 12:26:05 +0800


Started GET "/assets/twitter/bootstrap/bootstrap-carousel.js?body=1" for 127.0.0.1 at 2015-03-24 12:26:05 +0800


Started GET "/assets/twitter/bootstrap/bootstrap-typeahead.js?body=1" for 127.0.0.1 at 2015-03-24 12:26:05 +0800


Started GET "/assets/bootstrap.js?body=1" for 127.0.0.1 at 2015-03-24 12:26:05 +0800


Started GET "/assets/twitter/bootstrap/bootstrap-affix.js?body=1" for 127.0.0.1 at 2015-03-24 12:26:05 +0800


Started GET "/assets/api/v1/play_invitations.js?body=1" for 127.0.0.1 at 2015-03-24 12:26:05 +0800


Started GET "/assets/api/v1/play_networks.js?body=1" for 127.0.0.1 at 2015-03-24 12:26:05 +0800


Started GET "/assets/turbolinks.js?body=1" for 127.0.0.1 at 2015-03-24 12:26:05 +0800


Started GET "/assets/api/v1/friends.js?body=1" for 127.0.0.1 at 2015-03-24 12:26:05 +0800


Started GET "/assets/apps.js?body=1" for 127.0.0.1 at 2015-03-24 12:26:05 +0800


Started GET "/assets/children.js?body=1" for 127.0.0.1 at 2015-03-24 12:26:05 +0800


Started GET "/assets/event_logs.js?body=1" for 127.0.0.1 at 2015-03-24 12:26:05 +0800


Started GET "/assets/families.js?body=1" for 127.0.0.1 at 2015-03-24 12:26:05 +0800


Started GET "/assets/home.js?body=1" for 127.0.0.1 at 2015-03-24 12:26:05 +0800


Started GET "/assets/infos.js?body=1" for 127.0.0.1 at 2015-03-24 12:26:05 +0800


Started GET "/assets/messages.js?body=1" for 127.0.0.1 at 2015-03-24 12:26:05 +0800


Started GET "/assets/neighbors_families_links.js?body=1" for 127.0.0.1 at 2015-03-24 12:26:05 +0800


Started GET "/assets/play_invitations.js?body=1" for 127.0.0.1 at 2015-03-24 12:26:05 +0800


Started GET "/assets/play_networks.js?body=1" for 127.0.0.1 at 2015-03-24 12:26:05 +0800


Started GET "/assets/neighbors_families.js?body=1" for 127.0.0.1 at 2015-03-24 12:26:05 +0800


Started GET "/assets/neighbors_invitations.js?body=1" for 127.0.0.1 at 2015-03-24 12:26:05 +0800


Started GET "/assets/parents.js?body=1" for 127.0.0.1 at 2015-03-24 12:26:05 +0800


Started GET "/assets/application.js?body=1" for 127.0.0.1 at 2015-03-24 12:26:05 +0800


Started GET "/assets/play_nodes.js?body=1" for 127.0.0.1 at 2015-03-24 12:26:06 +0800


Started GET "/assets/places.js?body=1" for 127.0.0.1 at 2015-03-24 12:26:06 +0800


Started GET "/assets/playcelets.js?body=1" for 127.0.0.1 at 2015-03-24 12:26:06 +0800


Started GET "/assets/supervisors.js?body=1" for 127.0.0.1 at 2015-03-24 12:26:06 +0800


Started GET "/assets/twitter/bootstrap/bootstrap-alert.js?body=1" for 127.0.0.1 at 2015-03-24 12:26:06 +0800


Started GET "/assets/twitter/bootstrap/bootstrap-modal.js?body=1" for 127.0.0.1 at 2015-03-24 12:26:06 +0800


Started GET "/assets/twitter/bootstrap/bootstrap-dropdown.js?body=1" for 127.0.0.1 at 2015-03-24 12:26:06 +0800


Started GET "/assets/twitter/bootstrap/bootstrap-scrollspy.js?body=1" for 127.0.0.1 at 2015-03-24 12:26:06 +0800


Started GET "/assets/twitter/bootstrap/bootstrap-tab.js?body=1" for 127.0.0.1 at 2015-03-24 12:26:06 +0800


Started GET "/assets/twitter/bootstrap/bootstrap-tooltip.js?body=1" for 127.0.0.1 at 2015-03-24 12:26:06 +0800


Started GET "/assets/twitter/bootstrap/bootstrap-popover.js?body=1" for 127.0.0.1 at 2015-03-24 12:26:06 +0800


Started GET "/assets/twitter/bootstrap/bootstrap-button.js?body=1" for 127.0.0.1 at 2015-03-24 12:26:06 +0800


Started GET "/assets/twitter/bootstrap/bootstrap-collapse.js?body=1" for 127.0.0.1 at 2015-03-24 12:26:06 +0800


Started GET "/assets/twitter/bootstrap/bootstrap-carousel.js?body=1" for 127.0.0.1 at 2015-03-24 12:26:06 +0800


Started GET "/assets/twitter/bootstrap/bootstrap-typeahead.js?body=1" for 127.0.0.1 at 2015-03-24 12:26:06 +0800


Started GET "/assets/twitter/bootstrap/bootstrap-affix.js?body=1" for 127.0.0.1 at 2015-03-24 12:26:06 +0800


Started GET "/assets/twitter/bootstrap.js?body=1" for 127.0.0.1 at 2015-03-24 12:26:06 +0800


Started GET "/assets/turbolinks.js?body=1" for 127.0.0.1 at 2015-03-24 12:26:06 +0800


Started GET "/assets/bootstrap.js?body=1" for 127.0.0.1 at 2015-03-24 12:26:06 +0800


Started GET "/assets/api/v1/friends.js?body=1" for 127.0.0.1 at 2015-03-24 12:26:06 +0800


Started GET "/assets/api/v1/play_invitations.js?body=1" for 127.0.0.1 at 2015-03-24 12:26:06 +0800


Started GET "/assets/api/v1/play_networks.js?body=1" for 127.0.0.1 at 2015-03-24 12:26:06 +0800


Started GET "/assets/apps.js?body=1" for 127.0.0.1 at 2015-03-24 12:26:06 +0800


Started GET "/assets/children.js?body=1" for 127.0.0.1 at 2015-03-24 12:26:06 +0800


Started GET "/assets/event_logs.js?body=1" for 127.0.0.1 at 2015-03-24 12:26:06 +0800


Started GET "/assets/families.js?body=1" for 127.0.0.1 at 2015-03-24 12:26:06 +0800


Started GET "/assets/home.js?body=1" for 127.0.0.1 at 2015-03-24 12:26:06 +0800


Started GET "/assets/infos.js?body=1" for 127.0.0.1 at 2015-03-24 12:26:06 +0800


Started GET "/assets/messages.js?body=1" for 127.0.0.1 at 2015-03-24 12:26:06 +0800


Started GET "/assets/neighbors_families.js?body=1" for 127.0.0.1 at 2015-03-24 12:26:06 +0800


Started GET "/assets/neighbors_families_links.js?body=1" for 127.0.0.1 at 2015-03-24 12:26:06 +0800


Started GET "/assets/neighbors_invitations.js?body=1" for 127.0.0.1 at 2015-03-24 12:26:06 +0800


Started GET "/assets/parents.js?body=1" for 127.0.0.1 at 2015-03-24 12:26:06 +0800


Started GET "/assets/places.js?body=1" for 127.0.0.1 at 2015-03-24 12:26:06 +0800


Started GET "/assets/play_invitations.js?body=1" for 127.0.0.1 at 2015-03-24 12:26:06 +0800


Started GET "/assets/play_networks.js?body=1" for 127.0.0.1 at 2015-03-24 12:26:06 +0800


Started GET "/assets/play_nodes.js?body=1" for 127.0.0.1 at 2015-03-24 12:26:06 +0800


Started GET "/assets/playcelets.js?body=1" for 127.0.0.1 at 2015-03-24 12:26:06 +0800


Started GET "/assets/supervisors.js?body=1" for 127.0.0.1 at 2015-03-24 12:26:06 +0800


Started GET "/assets/application.js?body=1" for 127.0.0.1 at 2015-03-24 12:26:06 +0800


Started GET "/assets/favicon.ico" for 127.0.0.1 at 2015-03-24 12:26:06 +0800
